<?xml version="1.0" encoding="UTF-8"?>
<!-- Generated by org.testng.reporters.JUnitXMLReporter -->
<testsuite hostname="TX717-7310MSL" name="TestSuite1" tests="2" failures="0" timestamp="4 Oct 2017 18:06:45 GMT" time="11.02" errors="0">
  <testcase name="runTC_NewApplication_Login" time="10.364" classname="testscripts.NewApplication.TC_NewApplication_Login"/>
  <testcase name="runTC_NewApplication_HomePageValidation" time="10.989" classname="testscripts.NewApplication.TC_NewApplication_HomePageValidation"/>
</testsuite> <!-- TestSuite1 -->
