<?xml version="1.0" encoding="UTF-8"?>
<!-- Generated by org.testng.reporters.JUnitXMLReporter -->
<testsuite hostname="TX717-7310MSL" name="TestSuite1" tests="2" failures="1" timestamp="4 Oct 2017 14:56:43 GMT" time="10.259" errors="0">
  <testcase name="runTC_NewApplication_Login" time="1.903" classname="testscripts.NewApplication.TC_NewApplication_Login">
    <failure type="java.lang.RuntimeException" message="java.net.SocketException: socket closed">
      <![CDATA[java.lang.RuntimeException: java.net.SocketException: socket closed
	at io.github.bonigarcia.wdm.BrowserManager.manage(BrowserManager.java:262)
	at io.github.bonigarcia.wdm.BrowserManager.setup(BrowserManager.java:765)
	at io.github.bonigarcia.wdm.BrowserManager.setup(BrowserManager.java:725)
	at com.cognizant.framework.selenium.WebDriverFactory.getWebDriver(WebDriverFactory.java:57)
	at com.cognizant.Craft.DriverScript.initializeWebDriver(DriverScript.java:268)
	at com.cognizant.Craft.DriverScript.driveTestExecution(DriverScript.java:147)
	at testscripts.NewApplication.TC_NewApplication_Login.runTC_NewApplication_Login(TC_NewApplication_Login.java:34)
	at java.util.concurrent.ThreadPoolExecutor.runWorker(Unknown Source)
	at java.util.concurrent.ThreadPoolExecutor$Worker.run(Unknown Source)
	at java.lang.Thread.run(Unknown Source)
Caused by: java.net.SocketException: socket closed
	at java.net.SocketInputStream.socketRead0(Native Method)
	at java.net.SocketInputStream.socketRead(Unknown Source)
	at java.net.SocketInputStream.read(Unknown Source)
	at java.net.SocketInputStream.read(Unknown Source)
	at sun.security.ssl.InputRecord.readFully(Unknown Source)
	at sun.security.ssl.InputRecord.readV3Record(Unknown Source)
	at sun.security.ssl.InputRecord.read(Unknown Source)
	at sun.security.ssl.SSLSocketImpl.readRecord(Unknown Source)
	at sun.security.ssl.SSLSocketImpl.readDataRecord(Unknown Source)
	at sun.security.ssl.AppInputStream.read(Unknown Source)
	at org.apache.http.impl.io.SessionInputBufferImpl.streamRead(SessionInputBufferImpl.java:139)
	at org.apache.http.impl.io.SessionInputBufferImpl.read(SessionInputBufferImpl.java:200)
	at org.apache.http.impl.io.ContentLengthInputStream.read(ContentLengthInputStream.java:178)
	at org.apache.http.conn.EofSensorInputStream.read(EofSensorInputStream.java:137)
	at org.apache.http.conn.EofSensorInputStream.read(EofSensorInputStream.java:150)
	at org.apache.commons.io.IOUtils.copyLarge(IOUtils.java:2146)
	at org.apache.commons.io.IOUtils.copy(IOUtils.java:2102)
	at org.apache.commons.io.IOUtils.copyLarge(IOUtils.java:2123)
	at org.apache.commons.io.IOUtils.copy(IOUtils.java:2078)
	at org.apache.commons.io.FileUtils.copyToFile(FileUtils.java:1554)
	at org.apache.commons.io.FileUtils.copyInputStreamToFile(FileUtils.java:1528)
	at io.github.bonigarcia.wdm.Downloader.download(Downloader.java:109)
	at io.github.bonigarcia.wdm.BrowserManager.manage(BrowserManager.java:255)
	... 19 more
... Removed 10 stack frames]]>
    </failure>
  </testcase> <!-- runTC_NewApplication_Login -->
  <testcase name="runTC_NewApplication_HomePageValidation" time="10.232" classname="testscripts.NewApplication.TC_NewApplication_HomePageValidation"/>
</testsuite> <!-- TestSuite1 -->
