<?xml version="1.0" encoding="UTF-8"?>
<!-- Generated by org.testng.reporters.JUnitXMLReporter -->
<testsuite hostname="TX717-7310MSL" name="TestSuite1" tests="2" failures="2" timestamp="4 Oct 2017 19:17:02 GMT" time="5.087" errors="0">
  <testcase name="runTC_NewApplication_Login" time="5.039" classname="testscripts.NewApplication.TC_NewApplication_Login">
    <failure type="java.lang.ClassCastException" message="java.lang.Error cannot be cast to java.lang.Exception">
      <![CDATA[java.lang.ClassCastException: java.lang.Error cannot be cast to java.lang.Exception
	at com.cognizant.Craft.DriverScript.executeCRAFTTestIterations(DriverScript.java:594)
	at com.cognizant.Craft.DriverScript.executeCraft(DriverScript.java:157)
	at com.cognizant.Craft.DriverScript.driveTestExecution(DriverScript.java:150)
	at testscripts.NewApplication.TC_NewApplication_Login.runTC_NewApplication_Login(TC_NewApplication_Login.java:34)
	at java.util.concurrent.ThreadPoolExecutor.runWorker(ThreadPoolExecutor.java:1149)
	at java.util.concurrent.ThreadPoolExecutor$Worker.run(ThreadPoolExecutor.java:624)
	at java.lang.Thread.run(Thread.java:748)
... Removed 10 stack frames]]>
    </failure>
  </testcase> <!-- runTC_NewApplication_Login -->
  <testcase name="runTC_NewApplication_HomePageValidation" time="5.053" classname="testscripts.NewApplication.TC_NewApplication_HomePageValidation">
    <failure type="java.lang.ClassCastException" message="java.lang.Error cannot be cast to java.lang.Exception">
      <![CDATA[java.lang.ClassCastException: java.lang.Error cannot be cast to java.lang.Exception
	at com.cognizant.Craft.DriverScript.executeCRAFTTestIterations(DriverScript.java:594)
	at com.cognizant.Craft.DriverScript.executeCraft(DriverScript.java:157)
	at com.cognizant.Craft.DriverScript.driveTestExecution(DriverScript.java:150)
	at testscripts.NewApplication.TC_NewApplication_HomePageValidation.runTC_NewApplication_HomePageValidation(TC_NewApplication_HomePageValidation.java:34)
	at java.util.concurrent.ThreadPoolExecutor.runWorker(ThreadPoolExecutor.java:1149)
	at java.util.concurrent.ThreadPoolExecutor$Worker.run(ThreadPoolExecutor.java:624)
	at java.lang.Thread.run(Thread.java:748)
... Removed 10 stack frames]]>
    </failure>
  </testcase> <!-- runTC_NewApplication_HomePageValidation -->
</testsuite> <!-- TestSuite1 -->
