<?xml version="1.0" encoding="UTF-8"?>
<!-- Generated by org.testng.reporters.JUnitXMLReporter -->
<testsuite hostname="TX717-7310MSL" name="TestSuite1" tests="2" failures="0" timestamp="4 Oct 2017 15:51:17 GMT" time="9.977" errors="0">
  <testcase name="runTC_NewApplication_HomePageValidation" time="9.569" classname="testscripts.NewApplication.TC_NewApplication_HomePageValidation"/>
  <testcase name="runTC_NewApplication_Login" time="9.953" classname="testscripts.NewApplication.TC_NewApplication_Login"/>
</testsuite> <!-- TestSuite1 -->
